
[2022-12-14T22:46:28.430Z] ORM service [32minfo[39m: App Listening on Port 8080
[2022-12-14T22:53:15.444Z] ORM service [32minfo[39m: App Listening on Port 8080
[2022-12-14T22:53:58.200Z] ORM service [32minfo[39m: App Listening on Port 8080
[2022-12-14T22:55:55.391Z] ORM service [32minfo[39m: App Listening on Port 8080
[2022-12-14T22:56:03.854Z] ORM service [32minfo[39m: App Listening on Port 8080
[2022-12-14T22:58:00.869Z] ORM service [32minfo[39m: App Listening on Port 8080
[2022-12-14T22:59:22.451Z] ORM service [32minfo[39m: App Listening on Port 8080
[2022-12-14T23:01:14.904Z] ORM service [32minfo[39m: App Listening on Port 8080
[2022-12-14T23:01:39.641Z] ORM service [32minfo[39m: App Listening on Port 8080
[2022-12-14T23:01:46.510Z] ORM service [32minfo[39m: App Listening on Port 8080
[2022-12-14T23:02:22.613Z] ORM service [32minfo[39m: App Listening on Port 8080
[2022-12-14T23:06:24.410Z] ORM service [32minfo[39m: App Listening on Port 8080
[2022-12-14T23:10:20.557Z] ORM service [32minfo[39m: App Listening on Port 8080
[2022-12-14T23:12:19.265Z] ORM service [32minfo[39m: App Listening on Port 8080
[2022-12-14T23:12:37.084Z] ORM service [32minfo[39m: App Listening on Port 8080
[2022-12-14T23:14:31.921Z] ORM service [32minfo[39m: App Listening on Port 8080
[2022-12-14T23:15:18.183Z] ORM service [32minfo[39m: App Listening on Port 8080
[2022-12-14T23:17:38.882Z] ORM service [32minfo[39m: App Listening on Port 8080
[2022-12-14T23:18:36.428Z] ORM service [32minfo[39m: App Listening on Port 8080
[2022-12-15T20:53:42.131Z] ORM service [32minfo[39m: App Listening on Port 8080
[2022-12-15T20:56:32.170Z] ORM service [32minfo[39m: App Listening on Port 8080
[2022-12-15T21:07:00.270Z] ORM service [32minfo[39m: App Listening on Port 8080
[2022-12-15T21:09:54.099Z] ORM service [32minfo[39m: App Listening on Port 8080
[2022-12-15T21:11:35.009Z] ORM service [32minfo[39m: App Listening on Port 8080
[2022-12-15T21:16:10.078Z] ORM service [32minfo[39m: App Listening on Port 8080
[2022-12-15T21:27:09.236Z] ORM service [32minfo[39m: App Listening on Port 8080
[2022-12-15T21:39:18.266Z] ORM service [32minfo[39m: App Listening on Port 8080
[2022-12-15T21:40:06.960Z] ORM service [32minfo[39m: App Listening on Port 8080
[2022-12-15T21:41:50.823Z] ORM service [32minfo[39m: App Listening on Port 8080
[2022-12-15T21:43:00.512Z] ORM service [32minfo[39m: App Listening on Port 8080
[2022-12-15T21:56:50.498Z] ORM service [32minfo[39m: App Listening on Port 8080
[2022-12-15T21:57:04.328Z] ORM service [32minfo[39m: App Listening on Port 8080
[2022-12-15T22:12:57.829Z] ORM service [32minfo[39m: App Listening on Port 8080
[2022-12-15T22:13:12.083Z] ORM service [32minfo[39m: App Listening on Port 8080
[2022-12-15T22:14:27.978Z] ORM service [32minfo[39m: App Listening on Port 8080
[2022-12-15T22:17:35.694Z] ORM service [32minfo[39m: App Listening on Port 8080
[2022-12-15T22:18:22.024Z] ORM service [32minfo[39m: App Listening on Port 8080
[2022-12-15T22:23:13.934Z] ORM service [32minfo[39m: App Listening on Port 8080
[2022-12-15T22:24:40.512Z] ORM service [32minfo[39m: App Listening on Port 8080
[2022-12-15T22:25:38.642Z] ORM service [32minfo[39m: App Listening on Port 8080
[2022-12-15T22:26:20.832Z] ORM service [32minfo[39m: App Listening on Port 8080
[2022-12-15T22:30:32.282Z] ORM service [32minfo[39m: App Listening on Port 8080
[2022-12-15T22:58:04.394Z] ORM service [32minfo[39m: App Listening on Port 8080
[2022-12-15T22:59:15.085Z] ORM service [32minfo[39m: App Listening on Port 8080
[2022-12-15T23:01:00.743Z] ORM service [32minfo[39m: App Listening on Port 8080
[2022-12-15T23:01:35.702Z] ORM service [32minfo[39m: App Listening on Port 8080
[2022-12-15T23:01:43.795Z] ORM service [32minfo[39m: App Listening on Port 8080
[2022-12-15T23:02:29.844Z] ORM service [32minfo[39m: App Listening on Port 8080
[2022-12-15T23:02:41.631Z] ORM service [32minfo[39m: App Listening on Port 8080
[2022-12-15T23:02:46.529Z] ORM service [32minfo[39m: App Listening on Port 8080
[2022-12-15T23:03:17.049Z] ORM service [32minfo[39m: App Listening on Port 8080
[2022-12-15T23:03:23.091Z] ORM service [32minfo[39m: App Listening on Port 8080
[2022-12-15T23:03:28.370Z] ORM service [32minfo[39m: App Listening on Port 8080
[2022-12-15T23:04:05.137Z] ORM service [32minfo[39m: App Listening on Port 8080
[2022-12-15T23:04:24.907Z] ORM service [32minfo[39m: App Listening on Port 8080
[2022-12-15T23:05:26.240Z] ORM service [32minfo[39m: App Listening on Port 8080
[2022-12-15T23:06:07.388Z] ORM service [32minfo[39m: App Listening on Port 8080
[2022-12-15T23:06:46.580Z] ORM service [32minfo[39m: App Listening on Port 8080
[2022-12-15T23:07:15.855Z] ORM service [32minfo[39m: App Listening on Port 8080
[2022-12-15T23:09:56.250Z] ORM service [32minfo[39m: App Listening on Port 8080
[2022-12-15T23:10:30.872Z] ORM service [32minfo[39m: App Listening on Port 8080
[2022-12-15T23:12:30.498Z] ORM service [32minfo[39m: App Listening on Port 8080
[2022-12-16T19:21:48.283Z] ORM service [32minfo[39m: App Listening on Port 8080
[2022-12-16T19:33:01.472Z] ORM service [32minfo[39m: App Listening on Port 8080
[2022-12-16T19:33:54.018Z] ORM service [32minfo[39m: App Listening on Port 8080
[2022-12-16T19:34:21.873Z] ORM service [32minfo[39m: App Listening on Port 8080
[2022-12-16T19:34:38.571Z] ORM service [32minfo[39m: App Listening on Port 8080
[2022-12-16T19:34:48.887Z] ORM service [32minfo[39m: App Listening on Port 8080
[2022-12-16T19:43:57.701Z] ORM service [32minfo[39m: App Listening on Port 8080
[2022-12-16T19:51:02.745Z] ORM service [32minfo[39m: App Listening on Port 8080
[2022-12-16T19:51:33.013Z] ORM service [32minfo[39m: App Listening on Port 8080
[2022-12-16T19:54:24.207Z] ORM Service [31merror[39m: Error: Error: Field "Query.posts" can only be defined once.
[2022-12-16T19:55:14.562Z] ORM Service [31merror[39m: Error: Error: Field "Query.posts" can only be defined once.
[2022-12-16T19:57:17.832Z] ORM service [32minfo[39m: App Listening on Port 8080
[2022-12-16T20:10:05.525Z] ORM service [32minfo[39m: App Listening on Port 8080
[2022-12-16T20:12:43.132Z] ORM service [32minfo[39m: App Listening on Port 8080
[2022-12-16T20:38:15.645Z] ORM service [32minfo[39m: App Listening on Port 8080
[2022-12-16T20:39:17.488Z] ORM service [32minfo[39m: App Listening on Port 8080
[2022-12-16T20:43:01.855Z] ORM service [32minfo[39m: App Listening on Port 8080
[2022-12-16T20:45:14.937Z] ORM service [32minfo[39m: App Listening on Port 8080
[2022-12-16T20:54:24.516Z] ORM service [32minfo[39m: App Listening on Port 8080
[2022-12-16T21:23:20.596Z] ORM service [32minfo[39m: App Listening on Port 8080
[2022-12-16T21:24:52.200Z] ORM service [32minfo[39m: App Listening on Port 8080
[2022-12-16T21:33:59.097Z] ORM service [32minfo[39m: App Listening on Port 8080
[2022-12-16T21:34:59.230Z] ORM service [32minfo[39m: App Listening on Port 8080
[2022-12-16T21:38:21.623Z] ORM service [32minfo[39m: App Listening on Port 8080
[2022-12-16T21:38:42.861Z] ORM service [32minfo[39m: App Listening on Port 8080
[2022-12-16T21:41:24.562Z] ORM service [32minfo[39m: App Listening on Port 8080
[2022-12-16T21:41:36.027Z] ORM service [32minfo[39m: App Listening on Port 8080
[2022-12-16T21:42:23.641Z] ORM service [32minfo[39m: App Listening on Port 8080
[2022-12-16T21:42:31.579Z] ORM service [32minfo[39m: App Listening on Port 8080
[2022-12-16T21:43:34.140Z] ORM service [32minfo[39m: App Listening on Port 8080
[2022-12-16T21:43:44.158Z] ORM service [32minfo[39m: App Listening on Port 8080
[2022-12-16T21:44:12.906Z] ORM service [32minfo[39m: App Listening on Port 8080
[2022-12-16T21:45:15.853Z] ORM service [32minfo[39m: App Listening on Port 8080
[2022-12-16T21:45:28.323Z] ORM service [32minfo[39m: App Listening on Port 8080
[2022-12-16T21:46:38.859Z] ORM service [32minfo[39m: App Listening on Port 8080
[2022-12-16T21:47:10.043Z] ORM service [32minfo[39m: App Listening on Port 8080
[2022-12-16T21:54:04.677Z] ORM service [32minfo[39m: App Listening on Port 8080
[2022-12-16T22:03:01.643Z] ORM service [32minfo[39m: App Listening on Port 8080
[2022-12-16T22:09:58.768Z] ORM service [32minfo[39m: App Listening on Port 8080
[2022-12-16T22:11:45.000Z] ORM service [32minfo[39m: App Listening on Port 8080
[2022-12-16T22:12:12.374Z] ORM service [32minfo[39m: App Listening on Port 8080
[2022-12-16T22:12:17.505Z] ORM service [32minfo[39m: App Listening on Port 8080
[2022-12-16T22:13:00.729Z] ORM service [32minfo[39m: App Listening on Port 8080
[2022-12-16T22:14:41.446Z] ORM service [32minfo[39m: App Listening on Port 8080
[2022-12-17T19:25:58.166Z] ORM service [32minfo[39m: App Listening on Port 8080
[2022-12-17T19:35:58.497Z] ORM service [32minfo[39m: App Listening on Port 8080
[2022-12-17T19:38:12.575Z] ORM service [32minfo[39m: App Listening on Port 8080
[2022-12-17T19:39:07.894Z] ORM service [32minfo[39m: App Listening on Port 8080
[2022-12-17T19:41:18.474Z] ORM service [32minfo[39m: App Listening on Port 8080
[2022-12-17T19:42:03.831Z] ORM service [32minfo[39m: App Listening on Port 8080
[2022-12-17T19:42:32.042Z] ORM service [32minfo[39m: App Listening on Port 8080
[2022-12-17T19:43:39.414Z] ORM service [32minfo[39m: App Listening on Port 8080
[2022-12-17T19:45:11.403Z] ORM service [32minfo[39m: App Listening on Port 8080
[2022-12-17T19:48:16.054Z] ORM service [32minfo[39m: App Listening on Port 8080
[2022-12-17T19:48:59.987Z] ORM service [32minfo[39m: App Listening on Port 8080
[2022-12-17T19:49:41.784Z] ORM service [32minfo[39m: App Listening on Port 8080
[2022-12-17T19:50:07.264Z] ORM service [32minfo[39m: App Listening on Port 8080
[2022-12-17T19:51:10.903Z] ORM service [32minfo[39m: App Listening on Port 8080
[2022-12-17T20:01:13.055Z] ORM service [32minfo[39m: App Listening on Port 8080
[2022-12-17T21:39:31.807Z] ORM service [32minfo[39m: App Listening on Port 8080
[2022-12-17T22:20:27.597Z] ORM service [32minfo[39m: App Listening on Port 8080
[2022-12-17T22:24:24.201Z] ORM service [32minfo[39m: App Listening on Port 8080
[2022-12-17T22:27:48.267Z] ORM service [32minfo[39m: App Listening on Port 8080
[2022-12-17T22:28:10.125Z] ORM service [32minfo[39m: App Listening on Port 8080
[2022-12-17T22:28:29.091Z] ORM service [32minfo[39m: App Listening on Port 8080
[2022-12-17T22:31:19.235Z] ORM service [32minfo[39m: App Listening on Port 8080
[2022-12-17T22:32:06.606Z] ORM service [32minfo[39m: App Listening on Port 8080
[2022-12-17T22:35:47.726Z] ORM service [32minfo[39m: App Listening on Port 8080
[2022-12-17T22:36:12.993Z] ORM service [32minfo[39m: App Listening on Port 8080
[2022-12-17T22:36:58.760Z] ORM service [32minfo[39m: App Listening on Port 8080
[2022-12-17T22:40:13.471Z] ORM service [32minfo[39m: App Listening on Port 8080
[2022-12-17T22:40:58.768Z] ORM service [32minfo[39m: App Listening on Port 8080
[2022-12-17T22:44:22.060Z] ORM service [32minfo[39m: App Listening on Port 8080
[2022-12-17T22:47:24.795Z] ORM service [32minfo[39m: App Listening on Port 8080
[2022-12-17T22:47:40.793Z] ORM service [32minfo[39m: App Listening on Port 8080
[2022-12-17T22:48:22.246Z] ORM service [32minfo[39m: App Listening on Port 8080
[2022-12-17T22:49:01.197Z] ORM service [32minfo[39m: App Listening on Port 8080
[2022-12-17T22:49:31.744Z] ORM service [32minfo[39m: App Listening on Port 8080
[2022-12-17T22:49:47.395Z] ORM service [32minfo[39m: App Listening on Port 8080
[2022-12-17T22:50:20.448Z] ORM service [32minfo[39m: App Listening on Port 8080
[2022-12-17T22:50:44.386Z] ORM service [32minfo[39m: App Listening on Port 8080
[2022-12-17T22:51:08.723Z] ORM service [32minfo[39m: App Listening on Port 8080
[2022-12-17T22:53:32.976Z] ORM service [32minfo[39m: App Listening on Port 8080
[2022-12-17T22:57:29.636Z] ORM service [32minfo[39m: App Listening on Port 8080
[2022-12-17T22:58:09.591Z] ORM service [32minfo[39m: App Listening on Port 8080
[2022-12-17T22:58:51.964Z] ORM service [32minfo[39m: App Listening on Port 8080
[2022-12-17T22:59:17.265Z] ORM service [32minfo[39m: App Listening on Port 8080
[2022-12-17T23:07:24.265Z] ORM service [32minfo[39m: App Listening on Port 8080
[2022-12-17T23:15:09.805Z] ORM Service [31merror[39m: Error: Error: Unknown type "createUser". Did you mean "CreateUser"?
[2022-12-17T23:15:21.267Z] ORM Service [31merror[39m: Error: Error: Unknown type "createUser". Did you mean "CreateUser"?
[2022-12-17T23:16:14.375Z] ORM Service [31merror[39m: Error: Error: Unknown type "createUser". Did you mean "CreateUser"?
[2022-12-17T23:17:24.399Z] ORM service [32minfo[39m: App Listening on Port 8080
[2022-12-17T23:21:17.307Z] ORM service [32minfo[39m: App Listening on Port 8080
[2022-12-17T23:26:46.609Z] ORM service [32minfo[39m: App Listening on Port 8080
[2022-12-17T23:32:37.655Z] ORM service [32minfo[39m: App Listening on Port 8080
[2022-12-18T19:50:39.179Z] ORM service [32minfo[39m: App Listening on Port 8080
[2022-12-18T20:01:36.025Z] ORM service [32minfo[39m: App Listening on Port 8080
[2022-12-18T20:07:33.315Z] ORM service [32minfo[39m: App Listening on Port 8080
[2022-12-18T20:08:38.611Z] ORM service [32minfo[39m: App Listening on Port 8080
[2022-12-18T20:20:25.235Z] ORM Service [31merror[39m: Error: Error: Union type UpdateRef can only include Object types, it cannot include String.

Union type UpdateRef can only include Object types, it cannot include Int.

The type of Mutation.updateUser(updateRef:) must be Input Type but got: UpdateRef.
[2022-12-18T20:30:31.813Z] ORM Service [31merror[39m: Error: Error: The type of Mutation.updateUser(updateRef:) must be Input Type but got: UpdateRef.
[2022-12-18T20:32:57.390Z] ORM Service [31merror[39m: Error: Error: The type of Mutation.updateUser(updateRef:) must be Input Type but got: UpdateRef.
[2022-12-18T20:33:51.803Z] ORM Service [31merror[39m: Error: Error: The type of QueryUpdate.value must be Input Type but got: UpdateRef.

The type of Mutation.updateUser(updateRef:) must be Input Type but got: UpdateRef.
[2022-12-18T20:33:58.448Z] ORM Service [31merror[39m: Error: Error: The type of QueryUpdate.value must be Input Type but got: UpdateRef.
[2022-12-18T20:44:27.703Z] ORM Service [31merror[39m: Error: Error: The type of QueryUpdate.value must be Input Type but got: UpdateRef.
[2022-12-18T20:54:20.798Z] ORM Service [31merror[39m: Error: Error: The type of QueryUpdate.value must be Input Type but got: UpdateRef.
[2022-12-18T20:57:46.514Z] ORM Service [31merror[39m: Error: Error: The type of QueryUpdate.value must be Input Type but got: UpdateRef.
[2022-12-18T20:58:38.746Z] ORM Service [31merror[39m: Error: Error: The type of QueryUpdate.value must be Input Type but got: UpdateRef.
[2022-12-18T20:59:03.980Z] ORM Service [31merror[39m: Error: Error: "StringOrInt" defined in resolvers, but not in schema
[2022-12-18T21:00:39.144Z] ORM service [32minfo[39m: App Listening on Port 8080
[2022-12-18T21:01:39.267Z] ORM service [32minfo[39m: App Listening on Port 8080
[2022-12-18T21:03:04.130Z] ORM service [32minfo[39m: App Listening on Port 8080
[2022-12-18T21:12:44.019Z] ORM service [32minfo[39m: App Listening on Port 8080
[2022-12-18T21:23:19.507Z] ORM service [32minfo[39m: App Listening on Port 8080
[2022-12-18T21:59:23.551Z] ORM service [32minfo[39m: App Listening on Port 8080
[2022-12-18T22:06:59.444Z] ORM service [32minfo[39m: App Listening on Port 8080
[2022-12-18T22:07:26.666Z] ORM service [32minfo[39m: App Listening on Port 8080
[2022-12-18T22:09:36.846Z] ORM service [32minfo[39m: App Listening on Port 8080
[2022-12-18T22:13:53.021Z] ORM service [32minfo[39m: App Listening on Port 8080
[2022-12-18T22:16:44.990Z] ORM service [32minfo[39m: App Listening on Port 8080
[2022-12-18T22:17:55.874Z] ORM service [32minfo[39m: App Listening on Port 8080
[2022-12-18T22:18:23.841Z] ORM service [32minfo[39m: App Listening on Port 8080
[2022-12-18T22:19:16.707Z] ORM service [32minfo[39m: App Listening on Port 8080
[2022-12-18T22:20:46.223Z] ORM service [32minfo[39m: App Listening on Port 8080
[2022-12-18T22:25:59.310Z] ORM service [32minfo[39m: App Listening on Port 8080
[2022-12-18T22:33:01.716Z] ORM service [32minfo[39m: App Listening on Port 8080
[2022-12-18T22:33:21.348Z] ORM service [32minfo[39m: App Listening on Port 8080
[2022-12-18T22:35:11.377Z] ORM service [32minfo[39m: App Listening on Port 8080
[2022-12-18T22:35:16.518Z] ORM service [32minfo[39m: App Listening on Port 8080
[2022-12-18T22:36:59.201Z] ORM service [32minfo[39m: App Listening on Port 8080
[2022-12-18T22:37:15.878Z] ORM service [32minfo[39m: App Listening on Port 8080
[2022-12-18T22:37:26.868Z] ORM service [32minfo[39m: App Listening on Port 8080
[2022-12-18T22:37:33.520Z] ORM service [32minfo[39m: App Listening on Port 8080
[2022-12-18T22:38:04.471Z] ORM service [32minfo[39m: App Listening on Port 8080
[2022-12-18T22:38:13.461Z] ORM service [32minfo[39m: App Listening on Port 8080
[2022-12-18T22:38:35.310Z] ORM service [32minfo[39m: App Listening on Port 8080
[2022-12-18T22:39:26.294Z] ORM service [32minfo[39m: App Listening on Port 8080
[2022-12-18T22:39:49.579Z] ORM service [32minfo[39m: App Listening on Port 8080
[2022-12-18T22:41:00.464Z] ORM service [32minfo[39m: App Listening on Port 8080
[2022-12-18T22:43:47.813Z] ORM service [32minfo[39m: App Listening on Port 8080
[2022-12-18T23:08:20.837Z] ORM service [32minfo[39m: App Listening on Port 8080
[2022-12-18T23:08:48.362Z] ORM service [32minfo[39m: App Listening on Port 8080
[2022-12-18T23:08:55.643Z] ORM service [32minfo[39m: App Listening on Port 8080
[2022-12-19T22:40:44.192Z] ORM service [32minfo[39m: App Listening on Port 8080
[2022-12-19T22:41:43.829Z] ORM service [32minfo[39m: App Listening on Port 8080
[2022-12-19T22:45:38.289Z] Redis [32minfo[39m: Connected Successfully
[2022-12-19T22:45:39.052Z] ORM service [32minfo[39m: App Listening on Port 8080
[2022-12-19T22:46:02.388Z] Redis [32minfo[39m: Connected Successfully
[2022-12-19T22:46:03.274Z] ORM service [32minfo[39m: App Listening on Port 8080
[2022-12-19T22:46:09.319Z] Redis [32minfo[39m: Connected Successfully
[2022-12-19T22:46:09.855Z] ORM service [32minfo[39m: App Listening on Port 8080
[2022-12-19T22:46:50.995Z] Redis [32minfo[39m: Connected Successfully
[2022-12-19T22:46:51.779Z] ORM service [32minfo[39m: App Listening on Port 8080
[2022-12-19T22:47:17.102Z] Redis [32minfo[39m: Connected Successfully
[2022-12-19T22:47:17.868Z] ORM service [32minfo[39m: App Listening on Port 8080
[2022-12-19T22:47:38.468Z] Redis [32minfo[39m: Connected Successfully
[2022-12-19T22:47:39.085Z] ORM service [32minfo[39m: App Listening on Port 8080
[2022-12-19T22:52:31.737Z] Redis [32minfo[39m: Connected Successfully
[2022-12-19T22:52:32.400Z] ORM service [32minfo[39m: App Listening on Port 8080
[2022-12-19T22:57:01.853Z] Redis [32minfo[39m: Connected Successfully
[2022-12-19T22:57:02.267Z] ORM service [32minfo[39m: App Listening on Port 8080
[2022-12-19T23:03:34.188Z] Redis [32minfo[39m: Connected Successfully
[2022-12-19T23:03:34.751Z] ORM service [32minfo[39m: App Listening on Port 8080
[2022-12-19T23:03:53.184Z] Redis [32minfo[39m: Connected Successfully
[2022-12-19T23:03:53.782Z] ORM service [32minfo[39m: App Listening on Port 8080
[2022-12-19T23:10:12.974Z] Redis [32minfo[39m: Connected Successfully
[2022-12-19T23:10:13.330Z] ORM service [32minfo[39m: App Listening on Port 8080
[2022-12-19T23:16:14.826Z] Redis [32minfo[39m: Connected Successfully
[2022-12-19T23:16:15.672Z] ORM service [32minfo[39m: App Listening on Port 8080
[2022-12-19T23:17:33.811Z] Redis [32minfo[39m: Connected Successfully
[2022-12-19T23:17:34.232Z] ORM service [32minfo[39m: App Listening on Port 8080
[2022-12-19T23:18:14.241Z] Redis [32minfo[39m: Connected Successfully
[2022-12-19T23:18:14.832Z] ORM service [32minfo[39m: App Listening on Port 8080
[2022-12-19T23:18:30.255Z] Redis [32minfo[39m: Connected Successfully
[2022-12-19T23:18:30.615Z] ORM service [32minfo[39m: App Listening on Port 8080
[2022-12-19T23:19:55.805Z] Redis [32minfo[39m: Connected Successfully
[2022-12-19T23:19:56.302Z] ORM service [32minfo[39m: App Listening on Port 8080
[2022-12-19T23:20:28.051Z] Redis [32minfo[39m: Connected Successfully
[2022-12-19T23:20:28.610Z] ORM service [32minfo[39m: App Listening on Port 8080
[2022-12-19T23:20:38.810Z] Redis [32minfo[39m: Connected Successfully
[2022-12-19T23:20:39.417Z] ORM service [32minfo[39m: App Listening on Port 8080
[2022-12-19T23:20:46.107Z] Redis [32minfo[39m: Connected Successfully
[2022-12-19T23:20:46.670Z] ORM service [32minfo[39m: App Listening on Port 8080
[2022-12-19T23:20:59.727Z] Redis [32minfo[39m: Connected Successfully
[2022-12-19T23:21:00.082Z] ORM service [32minfo[39m: App Listening on Port 8080
[2022-12-19T23:21:46.685Z] Redis [32minfo[39m: Connected Successfully
[2022-12-19T23:21:47.310Z] ORM service [32minfo[39m: App Listening on Port 8080
[2022-12-19T23:22:24.266Z] Redis [32minfo[39m: Connected Successfully
[2022-12-19T23:22:24.622Z] ORM service [32minfo[39m: App Listening on Port 8080
[2022-12-19T23:22:41.856Z] Redis [32minfo[39m: Connected Successfully
[2022-12-19T23:22:42.206Z] ORM service [32minfo[39m: App Listening on Port 8080
[2022-12-19T23:23:09.364Z] Redis [32minfo[39m: Connected Successfully
[2022-12-19T23:23:09.778Z] ORM service [32minfo[39m: App Listening on Port 8080
[2022-12-19T23:24:23.046Z] Redis [32minfo[39m: Connected Successfully
[2022-12-19T23:24:23.407Z] ORM service [32minfo[39m: App Listening on Port 8080
[2022-12-19T23:24:30.494Z] Redis [32minfo[39m: Connected Successfully
[2022-12-19T23:24:31.340Z] ORM service [32minfo[39m: App Listening on Port 8080
[2022-12-19T23:27:38.878Z] Redis [32minfo[39m: Connected Successfully
[2022-12-19T23:27:39.409Z] ORM service [32minfo[39m: App Listening on Port 8080
[2022-12-19T23:28:06.308Z] Redis [32minfo[39m: Connected Successfully
[2022-12-19T23:28:06.809Z] ORM service [32minfo[39m: App Listening on Port 8080
[2022-12-19T23:28:21.178Z] Redis [32minfo[39m: Connected Successfully
[2022-12-19T23:28:21.781Z] ORM service [32minfo[39m: App Listening on Port 8080
[2022-12-19T23:28:34.094Z] Redis [32minfo[39m: Connected Successfully
[2022-12-19T23:28:34.933Z] ORM service [32minfo[39m: App Listening on Port 8080
[2022-12-19T23:30:58.771Z] Redis [32minfo[39m: Connected Successfully
[2022-12-19T23:30:59.121Z] ORM service [32minfo[39m: App Listening on Port 8080
[2022-12-19T23:31:52.416Z] Redis [32minfo[39m: Connected Successfully
[2022-12-19T23:31:52.775Z] ORM service [32minfo[39m: App Listening on Port 8080
[2022-12-19T23:32:07.211Z] Redis [32minfo[39m: Connected Successfully
[2022-12-19T23:32:07.584Z] ORM service [32minfo[39m: App Listening on Port 8080
[2022-12-19T23:32:31.432Z] Redis [32minfo[39m: Connected Successfully
[2022-12-19T23:32:31.792Z] ORM service [32minfo[39m: App Listening on Port 8080
[2022-12-19T23:33:16.076Z] Redis [32minfo[39m: Connected Successfully
[2022-12-19T23:33:16.842Z] ORM service [32minfo[39m: App Listening on Port 8080
[2022-12-19T23:33:46.498Z] Redis [32minfo[39m: Connected Successfully
[2022-12-19T23:33:50.853Z] Redis [32minfo[39m: Connected Successfully
[2022-12-19T23:33:56.659Z] Redis [32minfo[39m: Connected Successfully
[2022-12-19T23:33:57.212Z] ORM service [32minfo[39m: App Listening on Port 8080
[2022-12-19T23:34:31.836Z] Redis [32minfo[39m: Connected Successfully
[2022-12-19T23:34:32.228Z] ORM service [32minfo[39m: App Listening on Port 8080
[2022-12-19T23:34:48.991Z] Redis [32minfo[39m: Connected Successfully
[2022-12-19T23:34:49.747Z] ORM service [32minfo[39m: App Listening on Port 8080
[2022-12-19T23:34:55.191Z] Redis [32minfo[39m: Connected Successfully
[2022-12-19T23:34:55.543Z] ORM service [32minfo[39m: App Listening on Port 8080
[2022-12-19T23:38:26.589Z] Redis [32minfo[39m: Connected Successfully
[2022-12-19T23:38:27.202Z] ORM service [32minfo[39m: App Listening on Port 8080
[2022-12-19T23:38:40.143Z] Redis [32minfo[39m: Connected Successfully
[2022-12-19T23:38:40.632Z] ORM service [32minfo[39m: App Listening on Port 8080
[2022-12-19T23:39:27.014Z] Redis [32minfo[39m: Connected Successfully
[2022-12-19T23:39:27.491Z] ORM service [32minfo[39m: App Listening on Port 8080
[2022-12-19T23:41:19.384Z] Redis [32minfo[39m: Connected Successfully
[2022-12-19T23:41:20.244Z] ORM service [32minfo[39m: App Listening on Port 8080
[2022-12-19T23:43:11.296Z] Redis [32minfo[39m: Connected Successfully
[2022-12-19T23:43:12.095Z] ORM service [32minfo[39m: App Listening on Port 8080
[2022-12-19T23:45:32.804Z] Redis [32minfo[39m: Connected Successfully
[2022-12-19T23:45:33.150Z] ORM service [32minfo[39m: App Listening on Port 8080
[2022-12-20T21:47:56.484Z] Redis [32minfo[39m: Connected Successfully
[2022-12-20T21:48:00.685Z] ORM service [32minfo[39m: App Listening on Port 8080
[2022-12-20T21:53:47.622Z] Redis [32minfo[39m: Connected Successfully
[2022-12-20T21:53:48.009Z] ORM service [32minfo[39m: App Listening on Port 8080
[2022-12-20T21:55:24.140Z] Redis [32minfo[39m: Connected Successfully
[2022-12-20T21:55:24.590Z] ORM service [32minfo[39m: App Listening on Port 8080
[2022-12-20T22:08:25.222Z] Redis [32minfo[39m: Connected Successfully
[2022-12-20T22:08:26.351Z] ORM service [32minfo[39m: App Listening on Port 8080
[2022-12-20T22:13:00.932Z] Redis [32minfo[39m: Connected Successfully
[2022-12-20T22:13:01.295Z] ORM service [32minfo[39m: App Listening on Port 8080
[2022-12-20T22:14:45.494Z] Redis [32minfo[39m: Connected Successfully
[2022-12-20T22:14:46.055Z] ORM service [32minfo[39m: App Listening on Port 8080
[2022-12-20T22:17:41.632Z] Redis [32minfo[39m: Connected Successfully
[2022-12-20T22:17:42.201Z] ORM service [32minfo[39m: App Listening on Port 8080
[2022-12-20T22:17:53.247Z] Redis [32minfo[39m: Connected Successfully
[2022-12-20T22:17:53.880Z] ORM service [32minfo[39m: App Listening on Port 8080
[2022-12-20T22:21:51.316Z] Redis [32minfo[39m: Connected Successfully
[2022-12-20T22:21:51.930Z] ORM service [32minfo[39m: App Listening on Port 8080
[2022-12-20T22:22:38.044Z] Redis [32minfo[39m: Connected Successfully
[2022-12-20T22:22:38.671Z] ORM service [32minfo[39m: App Listening on Port 8080
[2022-12-20T22:22:52.900Z] Redis [32minfo[39m: Connected Successfully
[2022-12-20T22:22:53.772Z] ORM service [32minfo[39m: App Listening on Port 8080
[2022-12-20T22:26:39.588Z] Redis [32minfo[39m: Connected Successfully
[2022-12-20T22:26:39.970Z] ORM service [32minfo[39m: App Listening on Port 8080
[2022-12-20T22:31:03.653Z] Redis [32minfo[39m: Connected Successfully
[2022-12-20T22:31:04.211Z] ORM service [32minfo[39m: App Listening on Port 8080
[2022-12-20T22:31:28.882Z] Redis [32minfo[39m: Connected Successfully
[2022-12-20T22:31:29.611Z] ORM service [32minfo[39m: App Listening on Port 8080
[2022-12-20T22:31:57.264Z] Redis [32minfo[39m: Connected Successfully
[2022-12-20T22:31:58.122Z] ORM service [32minfo[39m: App Listening on Port 8080
[2022-12-20T22:32:53.975Z] Redis [32minfo[39m: Connected Successfully
[2022-12-20T22:32:55.016Z] ORM service [32minfo[39m: App Listening on Port 8080
[2022-12-20T22:35:29.507Z] Redis [32minfo[39m: Connected Successfully
[2022-12-20T22:35:29.967Z] ORM service [32minfo[39m: App Listening on Port 8080
[2022-12-20T22:39:12.357Z] Redis [32minfo[39m: Connected Successfully
[2022-12-20T22:39:13.249Z] ORM service [32minfo[39m: App Listening on Port 8080
[2022-12-20T22:41:03.591Z] Redis [32minfo[39m: Connected Successfully
[2022-12-20T22:41:04.228Z] ORM service [32minfo[39m: App Listening on Port 8080
[2022-12-20T22:43:53.564Z] Redis [32minfo[39m: Connected Successfully
[2022-12-20T22:43:54.115Z] ORM service [32minfo[39m: App Listening on Port 8080
[2022-12-20T22:46:41.743Z] Redis [32minfo[39m: Connected Successfully
[2022-12-20T22:46:42.325Z] ORM service [32minfo[39m: App Listening on Port 8080
[2022-12-20T22:51:22.768Z] Redis [32minfo[39m: Connected Successfully
[2022-12-20T22:51:23.448Z] ORM service [32minfo[39m: App Listening on Port 8080
[2022-12-20T22:51:29.645Z] Redis [32minfo[39m: Connected Successfully
[2022-12-20T22:51:30.222Z] ORM service [32minfo[39m: App Listening on Port 8080
[2022-12-20T22:52:02.925Z] Redis [32minfo[39m: Connected Successfully
[2022-12-20T22:52:03.655Z] ORM service [32minfo[39m: App Listening on Port 8080
[2022-12-20T22:52:29.440Z] Redis [32minfo[39m: Connected Successfully
[2022-12-20T22:52:30.330Z] ORM service [32minfo[39m: App Listening on Port 8080
[2022-12-20T22:52:41.842Z] Redis [32minfo[39m: Connected Successfully
[2022-12-20T22:52:42.610Z] ORM service [32minfo[39m: App Listening on Port 8080
[2022-12-20T22:52:57.418Z] Redis [32minfo[39m: Connected Successfully
[2022-12-20T22:52:57.895Z] ORM service [32minfo[39m: App Listening on Port 8080
[2022-12-20T22:53:14.250Z] Redis [32minfo[39m: Connected Successfully
[2022-12-20T22:53:14.804Z] ORM service [32minfo[39m: App Listening on Port 8080
[2022-12-20T23:04:31.936Z] Redis [32minfo[39m: Connected Successfully
[2022-12-20T23:04:32.493Z] ORM service [32minfo[39m: App Listening on Port 8080
[2022-12-20T23:11:46.391Z] Redis [32minfo[39m: Connected Successfully
[2022-12-20T23:11:47.102Z] ORM service [32minfo[39m: App Listening on Port 8080
[2022-12-20T23:13:45.996Z] Redis [32minfo[39m: Connected Successfully
[2022-12-20T23:13:46.888Z] ORM service [32minfo[39m: App Listening on Port 8080
[2022-12-20T23:14:29.336Z] Redis [32minfo[39m: Connected Successfully
[2022-12-20T23:14:30.103Z] ORM service [32minfo[39m: App Listening on Port 8080
[2022-12-20T23:21:26.056Z] Redis [32minfo[39m: Connected Successfully
[2022-12-20T23:21:26.554Z] ORM service [32minfo[39m: App Listening on Port 8080
[2022-12-20T23:22:42.081Z] Redis [32minfo[39m: Connected Successfully
[2022-12-20T23:22:42.713Z] ORM service [32minfo[39m: App Listening on Port 8080
[2022-12-20T23:22:52.471Z] Redis [32minfo[39m: Connected Successfully
[2022-12-20T23:22:52.820Z] ORM service [32minfo[39m: App Listening on Port 8080
[2022-12-20T23:23:32.971Z] Redis [32minfo[39m: Connected Successfully
[2022-12-20T23:23:33.383Z] ORM service [32minfo[39m: App Listening on Port 8080
[2022-12-20T23:24:06.236Z] Redis [32minfo[39m: Connected Successfully
[2022-12-20T23:24:06.591Z] ORM service [32minfo[39m: App Listening on Port 8080
[2022-12-20T23:24:32.828Z] Redis [32minfo[39m: Connected Successfully
[2022-12-20T23:24:33.162Z] ORM service [32minfo[39m: App Listening on Port 8080
[2022-12-20T23:25:18.025Z] Redis [32minfo[39m: Connected Successfully
[2022-12-20T23:25:18.731Z] ORM service [32minfo[39m: App Listening on Port 8080
[2022-12-20T23:27:47.123Z] Redis [32minfo[39m: Connected Successfully
[2022-12-20T23:27:47.831Z] ORM service [32minfo[39m: App Listening on Port 8080
[2022-12-20T23:28:09.806Z] Redis [32minfo[39m: Connected Successfully
[2022-12-20T23:28:10.572Z] ORM service [32minfo[39m: App Listening on Port 8080
[2022-12-20T23:29:59.747Z] Redis [32minfo[39m: Connected Successfully
[2022-12-20T23:30:00.933Z] ORM service [32minfo[39m: App Listening on Port 8080
[2022-12-20T23:30:09.726Z] Redis [32minfo[39m: Connected Successfully
[2022-12-20T23:30:10.352Z] ORM service [32minfo[39m: App Listening on Port 8080
[2022-12-20T23:31:34.827Z] Redis [32minfo[39m: Connected Successfully
[2022-12-20T23:31:35.218Z] ORM service [32minfo[39m: App Listening on Port 8080
[2022-12-20T23:34:30.467Z] Redis [32minfo[39m: Connected Successfully
[2022-12-20T23:34:31.417Z] ORM service [32minfo[39m: App Listening on Port 8080
[2022-12-20T23:35:12.240Z] Redis [32minfo[39m: Connected Successfully
[2022-12-20T23:35:12.804Z] ORM service [32minfo[39m: App Listening on Port 8080
[2022-12-20T23:35:26.917Z] Redis [32minfo[39m: Connected Successfully
[2022-12-20T23:35:27.845Z] ORM service [32minfo[39m: App Listening on Port 8080
[2022-12-21T20:42:39.648Z] Redis [31merror[39m: connect ECONNREFUSED ::1:6379
[2022-12-21T20:42:39.951Z] Redis [31merror[39m: connect ECONNREFUSED ::1:6379
[2022-12-21T20:42:40.007Z] Redis [31merror[39m: connect ECONNREFUSED ::1:6379
[2022-12-21T20:42:40.119Z] Redis [31merror[39m: connect ECONNREFUSED ::1:6379
[2022-12-21T20:42:40.291Z] Redis [31merror[39m: connect ECONNREFUSED ::1:6379
[2022-12-21T20:42:40.507Z] Redis [31merror[39m: connect ECONNREFUSED ::1:6379
[2022-12-21T20:42:40.772Z] Redis [31merror[39m: connect ECONNREFUSED ::1:6379
[2022-12-21T20:42:41.087Z] Redis [31merror[39m: connect ECONNREFUSED ::1:6379
[2022-12-21T20:42:41.445Z] Redis [31merror[39m: connect ECONNREFUSED ::1:6379
[2022-12-21T20:42:41.859Z] Redis [31merror[39m: connect ECONNREFUSED ::1:6379
[2022-12-21T20:42:43.210Z] ORM service [32minfo[39m: App Listening on Port 8080
[2022-12-21T20:42:43.216Z] Redis [31merror[39m: connect ECONNREFUSED ::1:6379
[2022-12-21T20:42:43.732Z] Redis [31merror[39m: connect ECONNREFUSED ::1:6379
[2022-12-21T20:42:44.250Z] Redis [31merror[39m: connect ECONNREFUSED ::1:6379
[2022-12-21T20:42:44.759Z] Redis [31merror[39m: connect ECONNREFUSED ::1:6379
[2022-12-21T20:42:45.278Z] Redis [31merror[39m: connect ECONNREFUSED ::1:6379
[2022-12-21T20:42:45.795Z] Redis [31merror[39m: connect ECONNREFUSED ::1:6379
[2022-12-21T20:42:46.309Z] Redis [31merror[39m: connect ECONNREFUSED ::1:6379
[2022-12-21T20:42:46.826Z] Redis [31merror[39m: connect ECONNREFUSED ::1:6379
[2022-12-21T20:42:47.330Z] Redis [31merror[39m: connect ECONNREFUSED ::1:6379
[2022-12-21T20:42:47.835Z] Redis [31merror[39m: connect ECONNREFUSED ::1:6379
[2022-12-21T20:42:48.398Z] Redis [31merror[39m: connect ECONNREFUSED ::1:6379
[2022-12-21T20:42:48.922Z] Redis [31merror[39m: connect ECONNREFUSED ::1:6379
[2022-12-21T20:42:49.429Z] Redis [31merror[39m: connect ECONNREFUSED ::1:6379
[2022-12-21T20:42:49.935Z] Redis [31merror[39m: connect ECONNREFUSED ::1:6379
[2022-12-21T20:42:50.452Z] Redis [31merror[39m: connect ECONNREFUSED ::1:6379
[2022-12-21T20:42:50.977Z] Redis [31merror[39m: connect ECONNREFUSED ::1:6379
[2022-12-21T20:42:51.499Z] Redis [31merror[39m: connect ECONNREFUSED ::1:6379
[2022-12-21T20:42:52.017Z] Redis [31merror[39m: connect ECONNREFUSED ::1:6379
[2022-12-21T20:42:52.532Z] Redis [31merror[39m: connect ECONNREFUSED ::1:6379
[2022-12-21T20:42:53.050Z] Redis [31merror[39m: connect ECONNREFUSED ::1:6379
[2022-12-21T20:42:53.568Z] Redis [31merror[39m: connect ECONNREFUSED ::1:6379
[2022-12-21T20:43:48.201Z] Redis [32minfo[39m: Connected Successfully
[2022-12-21T20:43:48.815Z] ORM service [32minfo[39m: App Listening on Port 8080
[2022-12-22T21:07:14.816Z] Redis [32minfo[39m: Connected Successfully
[2022-12-22T21:07:24.500Z] ORM service [32minfo[39m: App Listening on Port 8080
[2022-12-22T21:40:04.600Z] Redis [32minfo[39m: Connected Successfully
[2022-12-22T21:40:05.132Z] ORM service [32minfo[39m: App Listening on Port 8080
[2022-12-22T21:42:41.058Z] Redis [32minfo[39m: Connected Successfully
[2022-12-22T21:42:41.586Z] ORM service [32minfo[39m: App Listening on Port 8080
[2022-12-22T21:43:13.607Z] Redis [32minfo[39m: Connected Successfully
[2022-12-22T21:43:14.103Z] ORM service [32minfo[39m: App Listening on Port 8080
[2022-12-22T21:43:47.144Z] Redis [32minfo[39m: Connected Successfully
[2022-12-22T21:43:47.855Z] ORM service [32minfo[39m: App Listening on Port 8080
[2022-12-22T21:44:35.778Z] Redis [32minfo[39m: Connected Successfully
[2022-12-22T21:44:36.213Z] ORM service [32minfo[39m: App Listening on Port 8080
[2022-12-23T20:27:36.435Z] Redis [31merror[39m: Connection timeout
[2022-12-23T20:27:36.623Z] Redis [32minfo[39m: Connected Successfully
[2022-12-23T20:27:47.149Z] ORM service [32minfo[39m: App Listening on Port 8080
[2022-12-24T20:55:53.096Z] Redis [32minfo[39m: Connected Successfully
[2022-12-24T20:55:57.260Z] ORM service [32minfo[39m: App Listening on Port 8080
[2022-12-29T21:50:03.223Z] Redis [32minfo[39m: Connected Successfully
[2022-12-29T21:50:06.166Z] ORM service [32minfo[39m: App Listening on Port 8080
[2022-12-29T22:40:44.364Z] Redis [32minfo[39m: Connected Successfully
[2022-12-29T22:40:44.794Z] ORM service [32minfo[39m: App Listening on Port 8080
[2022-12-29T23:20:59.276Z] Redis [32minfo[39m: Connected Successfully
[2022-12-29T23:20:59.964Z] ORM service [32minfo[39m: App Listening on Port 8080
[2022-12-29T23:38:10.660Z] Redis [32minfo[39m: Connected Successfully
[2022-12-29T23:38:11.141Z] ORM service [32minfo[39m: App Listening on Port 8080
[2022-12-29T23:41:32.178Z] Redis [32minfo[39m: Connected Successfully
[2022-12-29T23:41:32.585Z] ORM service [32minfo[39m: App Listening on Port 8080
[2022-12-29T23:42:06.562Z] Redis [32minfo[39m: Connected Successfully
[2022-12-29T23:42:06.907Z] ORM service [32minfo[39m: App Listening on Port 8080
[2022-12-30T00:00:19.651Z] Redis [32minfo[39m: Connected Successfully
[2022-12-30T00:00:20.142Z] ORM service [32minfo[39m: App Listening on Port 8080
[2022-12-30T00:02:25.074Z] Redis [32minfo[39m: Connected Successfully
[2022-12-30T00:02:25.690Z] ORM service [32minfo[39m: App Listening on Port 8080
[2022-12-30T19:05:04.271Z] Redis [32minfo[39m: Connected Successfully
[2022-12-30T19:05:11.412Z] ORM service [32minfo[39m: App Listening on Port 8080
[2022-12-30T21:31:47.303Z] Redis [32minfo[39m: Connected Successfully
[2022-12-30T21:31:51.500Z] ORM service [32minfo[39m: App Listening on Port 8080
[2022-12-30T21:32:15.602Z] Redis [32minfo[39m: Connected Successfully
[2022-12-30T21:32:16.023Z] ORM service [32minfo[39m: App Listening on Port 8080
[2022-12-30T21:34:03.457Z] Redis [32minfo[39m: Connected Successfully
[2022-12-30T21:34:04.073Z] ORM service [32minfo[39m: App Listening on Port 8080
[2022-12-30T21:34:35.259Z] Redis [32minfo[39m: Connected Successfully
[2022-12-30T21:34:35.700Z] ORM service [32minfo[39m: App Listening on Port 8080
[2022-12-30T21:35:32.203Z] Redis [32minfo[39m: Connected Successfully
[2022-12-30T21:35:32.526Z] ORM service [32minfo[39m: App Listening on Port 8080
[2023-01-01T21:09:17.112Z] Redis [32minfo[39m: Connected Successfully
[2023-01-01T21:09:24.613Z] ORM service [32minfo[39m: App Listening on Port 8080
[2023-01-01T21:15:54.920Z] Redis [32minfo[39m: Connected Successfully
[2023-01-01T21:15:55.484Z] ORM service [32minfo[39m: App Listening on Port 8080
[2023-01-01T21:16:08.756Z] Redis [32minfo[39m: Connected Successfully
[2023-01-01T21:16:09.515Z] ORM service [32minfo[39m: App Listening on Port 8080
[2023-01-01T21:35:50.502Z] Redis [32minfo[39m: Connected Successfully
[2023-01-01T21:35:51.347Z] ORM service [32minfo[39m: App Listening on Port 8080
[2023-01-01T21:37:52.662Z] Redis [32minfo[39m: Connected Successfully
[2023-01-01T21:37:53.189Z] ORM service [32minfo[39m: App Listening on Port 8080
[2023-01-01T21:38:59.045Z] Redis [32minfo[39m: Connected Successfully
[2023-01-01T21:38:59.529Z] ORM service [32minfo[39m: App Listening on Port 8080
[2023-01-02T21:46:27.509Z] Redis [32minfo[39m: Connected Successfully
[2023-01-02T21:46:41.856Z] ORM service [32minfo[39m: App Listening on Port 8080
[2023-01-02T21:53:41.862Z] Redis [32minfo[39m: Connected Successfully
[2023-01-02T21:53:42.628Z] ORM service [32minfo[39m: App Listening on Port 8080
[2023-01-02T21:54:36.396Z] Redis [32minfo[39m: Connected Successfully
[2023-01-02T21:54:37.033Z] ORM service [32minfo[39m: App Listening on Port 8080
[2023-01-02T22:21:00.989Z] Redis [32minfo[39m: Connected Successfully
[2023-01-02T22:21:01.505Z] ORM service [32minfo[39m: App Listening on Port 8080
[2023-01-02T22:27:20.236Z] Redis [32minfo[39m: Connected Successfully
[2023-01-02T22:27:20.946Z] ORM service [32minfo[39m: App Listening on Port 8080
