[2023-01-02T22:26:42.161Z]  [31merror[39m: uncaughtException: Cannot find module 'src/constants'
Require stack:
- C:\Users\programming\express_graphql\dist\src\resolvers\user.resolvers.js
- C:\Users\programming\express_graphql\dist\src\index.js
Error: Cannot find module 'src/constants'
Require stack:
- C:\Users\programming\express_graphql\dist\src\resolvers\user.resolvers.js
- C:\Users\programming\express_graphql\dist\src\index.js
    at Function.Module._resolveFilename (node:internal/modules/cjs/loader:933:15)
    at Function.Module._load (node:internal/modules/cjs/loader:778:27)
    at Module.require (node:internal/modules/cjs/loader:999:19)
    at require (node:internal/modules/cjs/helpers:102:18)
    at Object.<anonymous> (C:\Users\programming\express_graphql\dist\src\resolvers\user.resolvers.js:17:21)
    at Module._compile (node:internal/modules/cjs/loader:1099:14)
    at Object.Module._extensions..js (node:internal/modules/cjs/loader:1153:10)
    at Module.load (node:internal/modules/cjs/loader:975:32)
    at Function.Module._load (node:internal/modules/cjs/loader:822:12)
    at Module.require (node:internal/modules/cjs/loader:999:19)
[2023-01-02T22:26:55.029Z]  [31merror[39m: uncaughtException: Cannot find module 'src/constants'
Require stack:
- C:\Users\programming\express_graphql\dist\src\resolvers\user.resolvers.js
- C:\Users\programming\express_graphql\dist\src\index.js
Error: Cannot find module 'src/constants'
Require stack:
- C:\Users\programming\express_graphql\dist\src\resolvers\user.resolvers.js
- C:\Users\programming\express_graphql\dist\src\index.js
    at Function.Module._resolveFilename (node:internal/modules/cjs/loader:933:15)
    at Function.Module._load (node:internal/modules/cjs/loader:778:27)
    at Module.require (node:internal/modules/cjs/loader:999:19)
    at require (node:internal/modules/cjs/helpers:102:18)
    at Object.<anonymous> (C:\Users\programming\express_graphql\dist\src\resolvers\user.resolvers.js:17:21)
    at Module._compile (node:internal/modules/cjs/loader:1099:14)
    at Object.Module._extensions..js (node:internal/modules/cjs/loader:1153:10)
    at Module.load (node:internal/modules/cjs/loader:975:32)
    at Function.Module._load (node:internal/modules/cjs/loader:822:12)
    at Module.require (node:internal/modules/cjs/loader:999:19)
